  OpenGLLearning.cpp
D:\pet_project\OpenGL-learning\OpenGLLearning\RenderFunctions.h(49,33): warning C4305: инициализация: усечение из "double" в "float"
D:\pet_project\OpenGL-learning\OpenGLLearning\RenderFunctions.h(91,21): warning C4018: <: несоответствие типов со знаком и без знака
D:\pet_project\OpenGL-learning\OpenGLLearning\RenderFunctions.h(115,51): warning C4244: аргумент: преобразование "float" в "GLsizei", возможна потеря данных
D:\pet_project\OpenGL-learning\OpenGLLearning\RenderFunctions.h(117,57): warning C4244: аргумент: преобразование "float" в "GLsizei", возможна потеря данных
D:\pet_project\OpenGL-learning\OpenGLLearning\RenderFunctions.h(119,57): warning C4244: аргумент: преобразование "float" в "GLsizei", возможна потеря данных
D:\pet_project\OpenGL-learning\OpenGLLearning\Shader.h(155,20): warning C4244: аргумент: преобразование "GLint" в "GLfloat", возможна потеря данных
D:\pet_project\OpenGL-learning\OpenGLLearning\Mesh.h(120,59): warning C4244: аргумент: преобразование "unsigned int" в "GLfloat", возможна потеря данных
D:\pet_project\OpenGL-learning\OpenGLLearning\Model.h(36,31): warning C4099: aiNode: имя типа, ранее отображенное с помощью "struct", теперь отображено с помощью "class"
D:\pet_project\OpenGL-learning\packages\assimp.v140.3.2\build\native\include\assimp\scene.h(71): message : см. объявление "aiNode"
D:\pet_project\OpenGL-learning\OpenGLLearning\Model.h(36,58): warning C4099: aiScene: имя типа, ранее отображенное с помощью "struct", теперь отображено с помощью "class"
D:\pet_project\OpenGL-learning\packages\assimp.v140.3.2\build\native\include\assimp\scene.h(275): message : см. объявление "aiScene"
D:\pet_project\OpenGL-learning\OpenGLLearning\Model.h(37,32): warning C4099: aiMesh: имя типа, ранее отображенное с помощью "struct", теперь отображено с помощью "class"
D:\pet_project\OpenGL-learning\packages\assimp.v140.3.2\build\native\include\assimp\mesh.h(467): message : см. объявление "aiMesh"
D:\pet_project\OpenGL-learning\OpenGLLearning\Model.h(37,59): warning C4099: aiScene: имя типа, ранее отображенное с помощью "struct", теперь отображено с помощью "class"
D:\pet_project\OpenGL-learning\packages\assimp.v140.3.2\build\native\include\assimp\scene.h(275): message : см. объявление "aiScene"
D:\pet_project\OpenGL-learning\OpenGLLearning\Model.h(38,44): warning C4099: aiMaterial: имя типа, ранее отображенное с помощью "struct", теперь отображено с помощью "class"
D:\pet_project\OpenGL-learning\packages\assimp.v140.3.2\build\native\include\assimp\material.h(630): message : см. объявление "aiMaterial"
D:\pet_project\OpenGL-learning\OpenGLLearning\Model.h(165,50): warning C4099: aiMaterial: имя типа, ранее отображенное с помощью "struct", теперь отображено с помощью "class"
D:\pet_project\OpenGL-learning\packages\assimp.v140.3.2\build\native\include\assimp\material.h(630): message : см. объявление "aiMaterial"
D:\pet_project\OpenGL-learning\OpenGLLearning\OpenGLLearning.cpp(195,37): warning C4244: инициализация: преобразование "double" в "unsigned int", возможна потеря данных
D:\pet_project\OpenGL-learning\OpenGLLearning\OpenGLLearning.cpp(195,31): warning C4244: инициализация: преобразование "double" в "const unsigned int", возможна потеря данных
D:\pet_project\OpenGL-learning\OpenGLLearning\OpenGLLearning.cpp(236,43): warning C4244: инициализация: преобразование "double" в "GLfloat", возможна потеря данных
D:\pet_project\OpenGL-learning\OpenGLLearning\OpenGLLearning.cpp(236,30): warning C4244: инициализация: преобразование "double" в "const GLfloat", возможна потеря данных
D:\pet_project\OpenGL-learning\OpenGLLearning\OpenGLLearning.cpp(350,11): warning C4244: =: преобразование "double" в "GLfloat", возможна потеря данных
D:\pet_project\OpenGL-learning\OpenGLLearning\OpenGLLearning.cpp(351,11): warning C4244: =: преобразование "double" в "GLfloat", возможна потеря данных
D:\pet_project\OpenGL-learning\OpenGLLearning\OpenGLLearning.cpp(355,18): warning C4244: инициализация: преобразование "double" в "GLfloat", возможна потеря данных
D:\pet_project\OpenGL-learning\OpenGLLearning\OpenGLLearning.cpp(356,18): warning C4244: инициализация: преобразование "double" в "GLfloat", возможна потеря данных
D:\pet_project\OpenGL-learning\OpenGLLearning\OpenGLLearning.cpp(358,10): warning C4244: =: преобразование "double" в "GLfloat", возможна потеря данных
D:\pet_project\OpenGL-learning\OpenGLLearning\OpenGLLearning.cpp(359,10): warning C4244: =: преобразование "double" в "GLfloat", возможна потеря данных
D:\pet_project\OpenGL-learning\OpenGLLearning\OpenGLLearning.cpp(367,28): warning C4244: аргумент: преобразование "double" в "GLfloat", возможна потеря данных
D:\pet_project\OpenGL-learning\OpenGLLearning\OpenGLLearning.cpp(376,13): warning C4244: =: преобразование "float" в "unsigned int", возможна потеря данных
  OpenGLLearning.vcxproj -> D:\pet_project\OpenGL-learning\Debug\OpenGLLearning.exe
